autore:Di Ciccio, Antonio;titolo:Manuale di architettura pisana;editore:Palestro;anno:1990;volume:1345;scaffale:A.west.2;collocazione:;luogo_pubblicazione:;descrizione_fisica:;nota:;prestito:03-08-2023 14:02:30;
LOAN 1

autore:Singh, Jaswinder Pal Culler, David E. Gupta,Anoop;titolo:Parallel Computer Architecture: A Hardware/Software Approach;editore:Morgan Kaufmann;anno:1999;volume:;scaffale:;collocazione:QA76 58;luogo_pubblicazione:San Francisco, CA;descrizione_fisica:1021 p., cov, ill, 23 cm;nota:Copia M. Fillo;prestito:AVAILABLE;
autore:Singh, Jaswinder Pal Culler, David E. Gupta,Anoop;titolo:Parallel Computer Architecture: A Hardware/Software Approach;editore:Morgan Kaufmann;anno:1999;volume:;scaffale:;collocazione:QA76 58;luogo_pubblicazione:San Francisco, CA;descrizione_fisica:1021 p., cov, ill, 23 cm;nota:Copia M. Fillo;prestito:AVAILABLE;
QUERY 2

QUERY 0

QUERY 0

QUERY 0

autore:Melis, Antonio Pietro Angelo Gatto Magnolfi, Gianni;titolo:Manuale di architettura fiorentina;editore:EQR;anno:2010;volume:5;scaffale:;collocazione:B.12;luogo_pubblicazione:;descrizione_fisica:;nota:Copia del Vescovo;prestito: 14-07-2022 11:45:50;
autore:Melis, Antonio Pietro Angelo, Gianni;titolo:Manuale di architettura fiorentina;editore:EQR;anno:1910;volume:;scaffale:;collocazione:Z.12.56;luogo_pubblicazione:Firenze;descrizione_fisica:34 p., cov, 59 cm;nota:Copia del Vescovo;prestito:AVAILABLE;
autore:Melis, Antonio Pietro Angelo Gatto Magnolfi, Gianni;titolo:Manuale di architettura fiorentina;editore:EQR;anno:1910;volume:;scaffale:;collocazione:Z.12.56;luogo_pubblicazione:Firenze;descrizione_fisica:34 p., cov, 59 cm;nota:Copia del Vescovo;prestito:AVAILABLE;
autore:Melis, Antonio Pietro Angelo Gatto Magnolfi, Gianni;titolo:Manuale di architettura fiorentina;editore:EQR;anno:1910;volume:;scaffale:;collocazione:Z.12.56;luogo_pubblicazione:Firenze;descrizione_fisica:34 p., cov, 59 cm;nota:Copia del Vescovo;prestito:AVAILABLE;
QUERY 4

QUERY 0

QUERY 0

QUERY 0

QUERY 0

autore:Luccio, Fabrizio Pagli, Linda Steel, Graham;titolo:Mathematical and Algorithmic Foundations of the Internet;editore:CRC Press, Taylor and Francis Group;anno:2011;volume:;scaffale:;collocazione:Z.DDf.56;luogo_pubblicazione:New York;descrizione_fisica:434 p., softcovcov, 22 cm;nota:Chapman & Hall/CRC Applied Algorithms and Data Structures series;prestito:03-08-2023 14:02:32;
autore:Luccio, Fabrizio Pagli, Linda Steel, Graham;titolo:Mathematical and Algorithmic Foundations of the Internet;editore:CRC Press, Taylor and Francis Group;anno:2011;volume:;scaffale:;collocazione:Z.DDf.56;luogo_pubblicazione:New York;descrizione_fisica:434 p., softcovcov, 22 cm;nota:Chapman & Hall/CRC Applied Algorithms and Data Structures series;prestito:03-08-2023 14:02:32;
LOAN 2

QUERY 0

QUERY 0

QUERY 0

QUERY 0

autore:Luccio, Fabrizio Pagli, Linda Steel, Graham;titolo:Mathematical and Algorithmic Foundations of the Internet;editore:CRC Press, Taylor and Francis Group;anno:2011;volume:;scaffale:;collocazione:Z.DDf.56;luogo_pubblicazione:New York;descrizione_fisica:434 p., softcovcov, 22 cm;nota:Chapman & Hall/CRC Applied Algorithms and Data Structures series;prestito:03-08-2023 14:02:32;
autore:Luccio, Fabrizio Pagli, Linda Steel, Graham;titolo:Mathematical and Algorithmic Foundations of the Internet;editore:CRC Press, Taylor and Francis Group;anno:2011;volume:;scaffale:;collocazione:Z.DDf.56;luogo_pubblicazione:New York;descrizione_fisica:434 p., softcovcov, 22 cm;nota:Chapman & Hall/CRC Applied Algorithms and Data Structures series;prestito:03-08-2023 14:02:32;
QUERY 2

QUERY 0

QUERY 0

QUERY 0

QUERY 0

autore:Kernighan, Brian W. Ritchie, Dennis M.;titolo:Il linguaggio C (seconda Edizione);editore:Jackson Libri;anno:1989;volume:;scaffale:;collocazione:Z.22.56;luogo_pubblicazione:Milano;descrizione_fisica:359 p., softcov, 13 cm;nota:Edizione italiana;prestito:03-08-2023 14:02:35;
LOAN 1

autore:Luccio, Fabrizio Pagli, Linda Steel, Graham;titolo:Mathematical and Algorithmic Foundations of the Internet;editore:CRC Press, Taylor and Francis Group;anno:2011;volume:;scaffale:;collocazione:Z.DDf.56;luogo_pubblicazione:New York;descrizione_fisica:434 p., softcovcov, 22 cm;nota:Chapman & Hall/CRC Applied Algorithms and Data Structures series;prestito:03-08-2023 14:02:32;
autore:Luccio, Fabrizio Pagli, Linda Steel, Graham;titolo:Mathematical and Algorithmic Foundations of the Internet;editore:CRC Press, Taylor and Francis Group;anno:2011;volume:;scaffale:;collocazione:Z.DDf.56;luogo_pubblicazione:New York;descrizione_fisica:434 p., softcovcov, 22 cm;nota:Chapman & Hall/CRC Applied Algorithms and Data Structures series;prestito:03-08-2023 14:02:32;
QUERY 2

QUERY 0

QUERY 0

QUERY 0

QUERY 0

QUERY 0

autore:Singh, Jaswinder Pal Culler, David E. Gupta,Anoop;titolo:Parallel Computer Architecture: A Hardware/Software Approach;editore:Morgan Kaufmann;anno:1999;volume:;scaffale:;collocazione:QA76 58;luogo_pubblicazione:San Francisco, CA;descrizione_fisica:1021 p., cov, ill, 23 cm;nota:Copia M. Fillo;prestito:AVAILABLE;
autore:Singh, Jaswinder Pal Culler, David E. Gupta,Anoop;titolo:Parallel Computer Architecture: A Hardware/Software Approach;editore:Morgan Kaufmann;anno:1999;volume:;scaffale:;collocazione:QA76 58;luogo_pubblicazione:San Francisco, CA;descrizione_fisica:1021 p., cov, ill, 23 cm;nota:Copia M. Fillo;prestito:AVAILABLE;
QUERY 2

QUERY 0

QUERY 0

autore:Kernighan, Brian W. Pike, Rob;titolo:Programmazione nella Pratica;editore:Addison-Wesley Longman Italia Editoriale;anno:1999;volume:;scaffale:;collocazione:Z.24.56;luogo_pubblicazione:Milano;descrizione_fisica:294 p., softcov, 13 cm;nota:Edizione italiana;prestito:03-08-2023 14:02:37;
LOAN 1

LOAN 0

QUERY 0

QUERY 0

QUERY 0

QUERY 0

QUERY 0

QUERY 0

QUERY 0

QUERY 0

