autore:Singh, Jaswinder Pal Culler, David E. Gupta,Anoop;titolo:Parallel Computer Architecture: A Hardware/Software Approach;editore:Morgan Kaufmann;anno:1999;volume:;scaffale:;collocazione:QA76 58;luogo_pubblicazione:San Francisco, CA;descrizione_fisica:1021 p., cov, ill, 23 cm;nota:Copia M. Fillo;prestito:AVAILABLE;
QUERY 1

QUERY 0

QUERY 0

QUERY 0

QUERY 0

QUERY 0

QUERY 0

autore:Aho, Alfred V. Sethi, Ravi Ullman, Jeffrey D.;titolo:Compilers: Principles, Techniques, and Tools;editore:Addison-Wesley;anno:1986;volume:;scaffale:;collocazione:;luogo_pubblicazione:Reading MA;descrizione_fisica:796 p., hardcov, 27 cm;nota:;prestito:12-12-2012 14:08:09;
autore:Aho, Alfred V. Lam, Monica S. Sethi, Ravi Ullman, Jeffrey D.;titolo:Compilers: Principles, Techniques, and Tools(2nd Edition);editore:Pearson;anno:2006;volume:;scaffale:;collocazione:;luogo_pubblicazione:Boston;descrizione_fisica:1434 p., hardcov, 27 cm;nota:;prestito:AVAILABLE;
QUERY 2

QUERY 0

autore:Turing, Alan;titolo:Can digital computers think?;editore:The Turing Digital archive;anno:1951;volume:;scaffale:;collocazione:B/5;luogo_pubblicazione:http://www.turingarchive.org;descrizione_fisica:paper 8 p. in envelope;nota:TS with AMS annotations of a talk broadcast on BBC Third Programme, 15 May 1951;prestito:04-08-2023 14:51:31;
LOAN 1

autore:Luccio, Fabrizio Pagli, Linda Steel, Graham;titolo:Mathematical and Algorithmic Foundations of the Internet;editore:CRC Press, Taylor and Francis Group;anno:2011;volume:;scaffale:;collocazione:Z.DDf.56;luogo_pubblicazione:New York;descrizione_fisica:434 p., softcov, 22 cm;nota:Chapman & Hall/CRC Applied Algorithms and Data Structures series;prestito:04-08-2023 14:51:32;
LOAN 1

QUERY 0

QUERY 0

LOAN 0

autore:Aho, Alfred V. Lam, Monica S. Sethi, Ravi Ullman, Jeffrey D.;titolo:Compilers: Principles, Techniques, and Tools(2nd Edition);editore:Pearson;anno:2006;volume:;scaffale:;collocazione:;luogo_pubblicazione:Boston;descrizione_fisica:1434 p., hardcov, 27 cm;nota:;prestito:AVAILABLE;
QUERY 1

autore:Luccio, Fabrizio Pagli, Linda Steel, Graham;titolo:Mathematical and Algorithmic Foundations of the Internet;editore:CRC Press, Taylor and Francis Group;anno:2011;volume:;scaffale:;collocazione:Z.DDf.56;luogo_pubblicazione:New York;descrizione_fisica:434 p., softcov, 22 cm;nota:Chapman & Hall/CRC Applied Algorithms and Data Structures series;prestito:04-08-2023 14:51:32;
QUERY 1

QUERY 0

autore:Stroustrup, Brian;titolo:The Design and Evolution of C++;editore:Addison-Wesley;anno:1994;volume:;scaffale:;collocazione:;luogo_pubblicazione:Reading MA;descrizione_fisica:461 pages;nota:;prestito:04-08-2023 14:51:33;
LOAN 1

QUERY 0

autore:Turing, Alan;titolo:Can digital computers think?;editore:The Turing Digital archive;anno:1951;volume:;scaffale:;collocazione:B/5;luogo_pubblicazione:http://www.turingarchive.org;descrizione_fisica:paper 8 p. in envelope;nota:TS with AMS annotations of a talk broadcast on BBC Third Programme, 15 May 1951;prestito:04-08-2023 14:51:31;
QUERY 1

autore:Luccio, Fabrizio Pagli, Linda Steel, Graham;titolo:Mathematical and Algorithmic Foundations of the Internet;editore:CRC Press, Taylor and Francis Group;anno:2011;volume:;scaffale:;collocazione:Z.DDf.56;luogo_pubblicazione:New York;descrizione_fisica:434 p., softcov, 22 cm;nota:Chapman & Hall/CRC Applied Algorithms and Data Structures series;prestito:04-08-2023 14:51:32;
QUERY 1

QUERY 0

autore:Stevens, W. Richard;titolo:Unix Network Programming (Second Edition): Volume1 Networking APIs: Sockets and XTI;editore:Prentice Hall PTR;anno:1998;volume:;scaffale:;collocazione:QA76.6;luogo_pubblicazione:Upper Saddle River, NY;descrizione_fisica:1017 p., ill, 23 cm;nota:Aloha nui loa;prestito:04-08-2023 14:51:34;
LOAN 1

autore:Kernighan, Brian W. Ritchie, Dennis M.;titolo:Il linguaggio C (seconda Edizione);editore:Jackson Libri;anno:1989;volume:;scaffale:;collocazione:Z.22.56;luogo_pubblicazione:Milano;descrizione_fisica:359 p., softcov, 13 cm;nota:Edizione italiana;prestito:04-08-2023 14:51:34;
LOAN 1

QUERY 0

QUERY 0

QUERY 0

autore:Singh, Jaswinder Pal Culler, David E. Gupta,Anoop;titolo:Parallel Computer Architecture: A Hardware/Software Approach;editore:Morgan Kaufmann;anno:1999;volume:;scaffale:;collocazione:QA76 58;luogo_pubblicazione:San Francisco, CA;descrizione_fisica:1021 p., cov, ill, 23 cm;nota:Copia M. Fillo;prestito:AVAILABLE;
QUERY 1

autore:Aho, Alfred V. Lam, Monica S. Sethi, Ravi Ullman, Jeffrey D.;titolo:Compilers: Principles, Techniques, and Tools(2nd Edition);editore:Pearson;anno:2006;volume:;scaffale:;collocazione:;luogo_pubblicazione:Boston;descrizione_fisica:1434 p., hardcov, 27 cm;nota:;prestito:AVAILABLE;
QUERY 1

autore:Turing, Alan;titolo:Can digital computers think?;editore:The Turing Digital archive;anno:1951;volume:;scaffale:;collocazione:B/5;luogo_pubblicazione:http://www.turingarchive.org;descrizione_fisica:paper 8 p. in envelope;nota:TS with AMS annotations of a talk broadcast on BBC Third Programme, 15 May 1951;prestito:04-08-2023 14:51:31;
QUERY 1

autore:Kernighan, Brian W. Pike, Rob;titolo:Programmazione nella Pratica;editore:Addison-Wesley Longman Italia Editoriale;anno:1999;volume:;scaffale:;collocazione:Z.24.56;luogo_pubblicazione:Milano;descrizione_fisica:294 p., softcov, 13 cm;nota:Edizione italiana;prestito:04-08-2023 14:51:36;
LOAN 1

autore:Aho, Alfred V. Sethi, Ravi Ullman, Jeffrey D.;titolo:Compilers: Principles, Techniques, and Tools;editore:Addison-Wesley;anno:1986;volume:;scaffale:;collocazione:;luogo_pubblicazione:Reading MA;descrizione_fisica:796 p., hardcov, 27 cm;nota:;prestito:04-08-2023 14:51:36;
autore:Aho, Alfred V. Lam, Monica S. Sethi, Ravi Ullman, Jeffrey D.;titolo:Compilers: Principles, Techniques, and Tools(2nd Edition);editore:Pearson;anno:2006;volume:;scaffale:;collocazione:;luogo_pubblicazione:Boston;descrizione_fisica:1434 p., hardcov, 27 cm;nota:;prestito:04-08-2023 14:51:36;
LOAN 2

autore:Stroustrup, Brian;titolo:The Design and Evolution of C++;editore:Addison-Wesley;anno:1994;volume:;scaffale:;collocazione:;luogo_pubblicazione:Reading MA;descrizione_fisica:461 pages;nota:;prestito:04-08-2023 14:51:33;
autore:Aho, Alfred V. Sethi, Ravi Ullman, Jeffrey D.;titolo:Compilers: Principles, Techniques, and Tools;editore:Addison-Wesley;anno:1986;volume:;scaffale:;collocazione:;luogo_pubblicazione:Reading MA;descrizione_fisica:796 p., hardcov, 27 cm;nota:;prestito:04-08-2023 14:51:36;
QUERY 2

LOAN 0

QUERY 0

QUERY 0

QUERY 0

QUERY 0

QUERY 0

autore:Stevens, W. Richard;titolo:Unix Network Programming (Second Edition): Volume1 Networking APIs: Sockets and XTI;editore:Prentice Hall PTR;anno:1998;volume:;scaffale:;collocazione:QA76.6;luogo_pubblicazione:Upper Saddle River, NY;descrizione_fisica:1017 p., ill, 23 cm;nota:Aloha nui loa;prestito:04-08-2023 14:51:34;
QUERY 1

