QUERY 0

QUERY 0

QUERY 0

autore:Vasquez Montalban, Manuel;titolo:La soledad del manager;editore:Planeta Editorial;anno:1977;volume:;scaffale:;collocazione:CNgg.45;luogo_pubblicazione:Barcelona;descrizione_fisica:213 p., softcov, 13 cm;nota:;prestito:03-08-2023 14:02:30;
LOAN 1

QUERY 0

LOAN 0

QUERY 0

QUERY 0

QUERY 0

QUERY 0

QUERY 0

QUERY 0

autore:Taibo II, Paco Ignacio;titolo:Dias De Combate;editore:Planeta Mexicana;anno:1986;volume:;scaffale:;collocazione:XXdfg;luogo_pubblicazione:Ciudad De Mexico;descrizione_fisica:239pp.;nota:;prestito:AVAILABLE;
QUERY 1

QUERY 0

QUERY 0

QUERY 0

QUERY 0

autore:Fruttero, Carlo Lucentini, Franco;titolo:La donna della domenica;editore:Mondadori;anno:1972;volume:;scaffale:;collocazione:df.563;luogo_pubblicazione:Milano;descrizione_fisica:480pp.;nota:;prestito:AVAILABLE;
QUERY 1

QUERY 0

QUERY 0

QUERY 0

QUERY 0

QUERY 0

QUERY 0

autore:Fruttero, Carlo Lucentini, Franco;titolo:La donna della domenica;editore:Mondadori;anno:1972;volume:;scaffale:;collocazione:df.563;luogo_pubblicazione:Milano;descrizione_fisica:480pp.;nota:;prestito:03-08-2023 14:02:35;
LOAN 1

autore:Simenon, Georges;titolo:Maigret et la jeune morte;editore:Presses de la Cite;anno:1954;volume:;scaffale:;collocazione:KK.ss32;luogo_pubblicazione:Paris;descrizione_fisica:105p.;nota:Edizione Francese;prestito:03-08-2023 14:02:36;
LOAN 1

QUERY 0

QUERY 0

QUERY 0

QUERY 0

QUERY 0

QUERY 0

QUERY 0

QUERY 0

QUERY 0

QUERY 0

LOAN 0

QUERY 0

QUERY 0

QUERY 0

