QUERY 0

autore:Singh, Jaswinder Pal Culler, David E. Gupta,Anoop;titolo:Parallel Computer Architecture: A Hardware/Software Approach;editore:Morgan Kaufmann;anno:1999;volume:;scaffale:;collocazione:QA76 58;luogo_pubblicazione:San Francisco, CA;descrizione_fisica:1021 p., cov, ill, 23 cm;nota:Copia M. Fillo;prestito:AVAILABLE;
QUERY 1

QUERY 0

QUERY 0

QUERY 0

QUERY 0

QUERY 0

QUERY 0

autore:Aho, Alfred V. Sethi, Ravi Ullman, Jeffrey D.;titolo:Compilers: Principles, Techniques, and Tools;editore:Addison-Wesley;anno:1986;volume:;scaffale:;collocazione:;luogo_pubblicazione:Reading MA;descrizione_fisica:796 p., hardcov, 27 cm;nota:;prestito:12-12-2012 17:45:32;
autore:Aho, Alfred V. Lam, Monica S. Sethi, Ravi Ullman, Jeffrey D.;titolo:Compilers: Principles, Techniques, and Tools(2nd Edition);editore:Pearson;anno:2006;volume:;scaffale:;collocazione:;luogo_pubblicazione:Boston;descrizione_fisica:1434 p., hardcov, 27 cm;nota:;prestito:AVAILABLE;
QUERY 2

autore:Turing, Alan;titolo:Can digital computers think?;editore:The Turing Digital archive;anno:1951;volume:;scaffale:;collocazione:B/5;luogo_pubblicazione:http://www.turingarchive.org;descrizione_fisica:paper 8 p. in envelope;nota:TS with AMS annotations of a talk broadcast on BBC Third Programme, 15 May 1951;prestito:04-08-2023 18:55:54;
LOAN 1

QUERY 0

autore:Luccio, Fabrizio Pagli, Linda Steel, Graham;titolo:Mathematical and Algorithmic Foundations of the Internet;editore:CRC Press, Taylor and Francis Group;anno:2011;volume:;scaffale:;collocazione:Z.DDf.56;luogo_pubblicazione:New York;descrizione_fisica:434 p., softcov, 22 cm;nota:Chapman & Hall/CRC Applied Algorithms and Data Structures series;prestito:04-08-2023 18:55:55;
LOAN 1

QUERY 0

LOAN 0

autore:Aho, Alfred V. Lam, Monica S. Sethi, Ravi Ullman, Jeffrey D.;titolo:Compilers: Principles, Techniques, and Tools(2nd Edition);editore:Pearson;anno:2006;volume:;scaffale:;collocazione:;luogo_pubblicazione:Boston;descrizione_fisica:1434 p., hardcov, 27 cm;nota:;prestito:AVAILABLE;
QUERY 1

