==873063== Memcheck, a memory error detector
==873063== Copyright (C) 2002-2017, and GNU GPL'd, by Julian Seward et al.
==873063== Using Valgrind-3.15.0 and LibVEX; rerun with -h for copyright info
==873063== Command: ./bibclient --autore=ciccio --titolo=labestia --editore=io --anno=1983 --nota=ciaoo -p
==873063== Parent PID: 873062
==873063== 
==873063== Invalid read of size 1
==873063==    at 0x483EF46: strlen (in /usr/lib/x86_64-linux-gnu/valgrind/vgpreload_memcheck-amd64-linux.so)
==873063==    by 0x48F6D44: __vfprintf_internal (vfprintf-internal.c:1688)
==873063==    by 0x4909D89: __vdprintf_internal (iovdprintf.c:54)
==873063==    by 0x48E0079: dprintf (dprintf.c:30)
==873063==    by 0x10A26F: main (bibclient.c:234)
==873063==  Address 0x5276190 is 0 bytes after a block of size 0 alloc'd
==873063==    at 0x483DD99: calloc (in /usr/lib/x86_64-linux-gnu/valgrind/vgpreload_memcheck-amd64-linux.so)
==873063==    by 0x10A213: main (bibclient.c:232)
==873063== 
==873063== 
==873063== HEAP SUMMARY:
==873063==     in use at exit: 272 bytes in 2 blocks
==873063==   total heap usage: 20 allocs, 18 frees, 8,354 bytes allocated
==873063== 
==873063== 0 bytes in 1 blocks are definitely lost in loss record 1 of 2
==873063==    at 0x483DD99: calloc (in /usr/lib/x86_64-linux-gnu/valgrind/vgpreload_memcheck-amd64-linux.so)
==873063==    by 0x10A213: main (bibclient.c:232)
==873063== 
==873063== 272 bytes in 1 blocks are possibly lost in loss record 2 of 2
==873063==    at 0x483DD99: calloc (in /usr/lib/x86_64-linux-gnu/valgrind/vgpreload_memcheck-amd64-linux.so)
==873063==    by 0x40149CA: allocate_dtv (dl-tls.c:286)
==873063==    by 0x40149CA: _dl_allocate_tls (dl-tls.c:532)
==873063==    by 0x4864322: allocate_stack (allocatestack.c:622)
==873063==    by 0x4864322: pthread_create@@GLIBC_2.2.5 (pthread_create.c:660)
==873063==    by 0x1097A3: main (bibclient.c:68)
==873063== 
==873063== LEAK SUMMARY:
==873063==    definitely lost: 0 bytes in 1 blocks
==873063==    indirectly lost: 0 bytes in 0 blocks
==873063==      possibly lost: 272 bytes in 1 blocks
==873063==    still reachable: 0 bytes in 0 blocks
==873063==         suppressed: 0 bytes in 0 blocks
==873063== 
==873063== ERROR SUMMARY: 3 errors from 3 contexts (suppressed: 0 from 0)
==873063== 
==873063== 1 errors in context 1 of 3:
==873063== Invalid read of size 1
==873063==    at 0x483EF46: strlen (in /usr/lib/x86_64-linux-gnu/valgrind/vgpreload_memcheck-amd64-linux.so)
==873063==    by 0x48F6D44: __vfprintf_internal (vfprintf-internal.c:1688)
==873063==    by 0x4909D89: __vdprintf_internal (iovdprintf.c:54)
==873063==    by 0x48E0079: dprintf (dprintf.c:30)
==873063==    by 0x10A26F: main (bibclient.c:234)
==873063==  Address 0x5276190 is 0 bytes after a block of size 0 alloc'd
==873063==    at 0x483DD99: calloc (in /usr/lib/x86_64-linux-gnu/valgrind/vgpreload_memcheck-amd64-linux.so)
==873063==    by 0x10A213: main (bibclient.c:232)
==873063== 
==873063== ERROR SUMMARY: 3 errors from 3 contexts (suppressed: 0 from 0)
