==1120105== Memcheck, a memory error detector
==1120105== Copyright (C) 2002-2017, and GNU GPL'd, by Julian Seward et al.
==1120105== Using Valgrind-3.15.0 and LibVEX; rerun with -h for copyright info
==1120105== Command: ./bibserver bb1 ./bibData/bib1.txt 3
==1120105== Parent PID: 1120104
==1120105== 
==1120105== 
==1120105== HEAP SUMMARY:
==1120105==     in use at exit: 272 bytes in 1 blocks
==1120105==   total heap usage: 83 allocs, 82 frees, 224,674 bytes allocated
==1120105== 
==1120105== 272 bytes in 1 blocks are possibly lost in loss record 1 of 1
==1120105==    at 0x483DD99: calloc (in /usr/lib/x86_64-linux-gnu/valgrind/vgpreload_memcheck-amd64-linux.so)
==1120105==    by 0x40149CA: allocate_dtv (dl-tls.c:286)
==1120105==    by 0x40149CA: _dl_allocate_tls (dl-tls.c:532)
==1120105==    by 0x4864322: allocate_stack (allocatestack.c:622)
==1120105==    by 0x4864322: pthread_create@@GLIBC_2.2.5 (pthread_create.c:660)
==1120105==    by 0x10AA04: main (bibserver.c:80)
==1120105== 
==1120105== LEAK SUMMARY:
==1120105==    definitely lost: 0 bytes in 0 blocks
==1120105==    indirectly lost: 0 bytes in 0 blocks
==1120105==      possibly lost: 272 bytes in 1 blocks
==1120105==    still reachable: 0 bytes in 0 blocks
==1120105==         suppressed: 0 bytes in 0 blocks
==1120105== 
==1120105== ERROR SUMMARY: 1 errors from 1 contexts (suppressed: 0 from 0)
